2021-06-26 15:46:17.740  INFO 17076 --- [restartedMain] com.maternalhealth.Application           : Starting Application using Java 1.8.0_201 on LAPTOP-IFN43U11 with PID 17076 (C:\Users\kalaw\Documents\workspace-spring-tool-suite-4-4.5.0.RELEASE\maternalhealth\target\classes started by kalaw in C:\Users\kalaw\Documents\workspace-spring-tool-suite-4-4.5.0.RELEASE\maternalhealth)
2021-06-26 15:46:17.746  INFO 17076 --- [restartedMain] com.maternalhealth.Application           : No active profile set, falling back to default profiles: default
2021-06-26 15:46:17.869  INFO 17076 --- [restartedMain] .e.DevToolsPropertyDefaultsPostProcessor : Devtools property defaults active! Set 'spring.devtools.add-properties' to 'false' to disable
2021-06-26 15:46:17.872  INFO 17076 --- [restartedMain] .e.DevToolsPropertyDefaultsPostProcessor : For additional web related logging consider setting the 'logging.level.web' property to 'DEBUG'
2021-06-26 15:46:20.929  INFO 17076 --- [restartedMain] .s.d.r.c.RepositoryConfigurationDelegate : Bootstrapping Spring Data JPA repositories in DEFAULT mode.
2021-06-26 15:46:21.069  INFO 17076 --- [restartedMain] .s.d.r.c.RepositoryConfigurationDelegate : Finished Spring Data repository scanning in 120 ms. Found 1 JPA repository interfaces.
2021-06-26 15:46:22.146  INFO 17076 --- [restartedMain] o.s.b.w.embedded.tomcat.TomcatWebServer  : Tomcat initialized with port(s): 7777 (http)
2021-06-26 15:46:22.155  INFO 17076 --- [restartedMain] o.apache.catalina.core.StandardService   : Starting service [Tomcat]
2021-06-26 15:46:22.155  INFO 17076 --- [restartedMain] org.apache.catalina.core.StandardEngine  : Starting Servlet engine: [Apache Tomcat/9.0.46]
2021-06-26 15:46:22.249  INFO 17076 --- [restartedMain] o.a.c.c.C.[Tomcat].[localhost].[/]       : Initializing Spring embedded WebApplicationContext
2021-06-26 15:46:22.250  INFO 17076 --- [restartedMain] w.s.c.ServletWebServerApplicationContext : Root WebApplicationContext: initialization completed in 4374 ms
2021-06-26 15:46:22.501  INFO 17076 --- [restartedMain] o.hibernate.jpa.internal.util.LogHelper  : HHH000204: Processing PersistenceUnitInfo [name: default]
2021-06-26 15:46:22.667  INFO 17076 --- [restartedMain] org.hibernate.Version                    : HHH000412: Hibernate ORM core version 5.4.31.Final
2021-06-26 15:46:23.521  INFO 17076 --- [restartedMain] o.hibernate.annotations.common.Version   : HCANN000001: Hibernate Commons Annotations {5.1.2.Final}
2021-06-26 15:46:23.696 DEBUG 17076 --- [restartedMain] org.hibernate.type.BasicTypeRegistry     : Adding type registration boolean -> org.hibernate.type.BooleanType@37e80719
2021-06-26 15:46:23.698 DEBUG 17076 --- [restartedMain] org.hibernate.type.BasicTypeRegistry     : Adding type registration boolean -> org.hibernate.type.BooleanType@37e80719
2021-06-26 15:46:23.699 DEBUG 17076 --- [restartedMain] org.hibernate.type.BasicTypeRegistry     : Adding type registration java.lang.Boolean -> org.hibernate.type.BooleanType@37e80719
2021-06-26 15:46:23.702 DEBUG 17076 --- [restartedMain] org.hibernate.type.BasicTypeRegistry     : Adding type registration numeric_boolean -> org.hibernate.type.NumericBooleanType@3d5fe910
2021-06-26 15:46:23.703 DEBUG 17076 --- [restartedMain] org.hibernate.type.BasicTypeRegistry     : Adding type registration true_false -> org.hibernate.type.TrueFalseType@eb94666
2021-06-26 15:46:23.706 DEBUG 17076 --- [restartedMain] org.hibernate.type.BasicTypeRegistry     : Adding type registration yes_no -> org.hibernate.type.YesNoType@664b9ce3
2021-06-26 15:46:23.712 DEBUG 17076 --- [restartedMain] org.hibernate.type.BasicTypeRegistry     : Adding type registration byte -> org.hibernate.type.ByteType@3c06ff35
2021-06-26 15:46:23.713 DEBUG 17076 --- [restartedMain] org.hibernate.type.BasicTypeRegistry     : Adding type registration byte -> org.hibernate.type.ByteType@3c06ff35
2021-06-26 15:46:23.713 DEBUG 17076 --- [restartedMain] org.hibernate.type.BasicTypeRegistry     : Adding type registration java.lang.Byte -> org.hibernate.type.ByteType@3c06ff35
2021-06-26 15:46:23.716 DEBUG 17076 --- [restartedMain] org.hibernate.type.BasicTypeRegistry     : Adding type registration character -> org.hibernate.type.CharacterType@6f198dff
2021-06-26 15:46:23.716 DEBUG 17076 --- [restartedMain] org.hibernate.type.BasicTypeRegistry     : Adding type registration char -> org.hibernate.type.CharacterType@6f198dff
2021-06-26 15:46:23.716 DEBUG 17076 --- [restartedMain] org.hibernate.type.BasicTypeRegistry     : Adding type registration java.lang.Character -> org.hibernate.type.CharacterType@6f198dff
2021-06-26 15:46:23.719 DEBUG 17076 --- [restartedMain] org.hibernate.type.BasicTypeRegistry     : Adding type registration short -> org.hibernate.type.ShortType@4abcddc1
2021-06-26 15:46:23.720 DEBUG 17076 --- [restartedMain] org.hibernate.type.BasicTypeRegistry     : Adding type registration short -> org.hibernate.type.ShortType@4abcddc1
2021-06-26 15:46:23.720 DEBUG 17076 --- [restartedMain] org.hibernate.type.BasicTypeRegistry     : Adding type registration java.lang.Short -> org.hibernate.type.ShortType@4abcddc1
2021-06-26 15:46:23.722 DEBUG 17076 --- [restartedMain] org.hibernate.type.BasicTypeRegistry     : Adding type registration integer -> org.hibernate.type.IntegerType@663bfbe6
2021-06-26 15:46:23.722 DEBUG 17076 --- [restartedMain] org.hibernate.type.BasicTypeRegistry     : Adding type registration int -> org.hibernate.type.IntegerType@663bfbe6
2021-06-26 15:46:23.722 DEBUG 17076 --- [restartedMain] org.hibernate.type.BasicTypeRegistry     : Adding type registration java.lang.Integer -> org.hibernate.type.IntegerType@663bfbe6
2021-06-26 15:46:23.725 DEBUG 17076 --- [restartedMain] org.hibernate.type.BasicTypeRegistry     : Adding type registration long -> org.hibernate.type.LongType@3755f779
2021-06-26 15:46:23.725 DEBUG 17076 --- [restartedMain] org.hibernate.type.BasicTypeRegistry     : Adding type registration long -> org.hibernate.type.LongType@3755f779
2021-06-26 15:46:23.725 DEBUG 17076 --- [restartedMain] org.hibernate.type.BasicTypeRegistry     : Adding type registration java.lang.Long -> org.hibernate.type.LongType@3755f779
2021-06-26 15:46:23.727 DEBUG 17076 --- [restartedMain] org.hibernate.type.BasicTypeRegistry     : Adding type registration float -> org.hibernate.type.FloatType@225e75bf
2021-06-26 15:46:23.728 DEBUG 17076 --- [restartedMain] org.hibernate.type.BasicTypeRegistry     : Adding type registration float -> org.hibernate.type.FloatType@225e75bf
2021-06-26 15:46:23.728 DEBUG 17076 --- [restartedMain] org.hibernate.type.BasicTypeRegistry     : Adding type registration java.lang.Float -> org.hibernate.type.FloatType@225e75bf
2021-06-26 15:46:23.732 DEBUG 17076 --- [restartedMain] org.hibernate.type.BasicTypeRegistry     : Adding type registration double -> org.hibernate.type.DoubleType@493c8f85
2021-06-26 15:46:23.733 DEBUG 17076 --- [restartedMain] org.hibernate.type.BasicTypeRegistry     : Adding type registration double -> org.hibernate.type.DoubleType@493c8f85
2021-06-26 15:46:23.733 DEBUG 17076 --- [restartedMain] org.hibernate.type.BasicTypeRegistry     : Adding type registration java.lang.Double -> org.hibernate.type.DoubleType@493c8f85
2021-06-26 15:46:23.734 DEBUG 17076 --- [restartedMain] org.hibernate.type.BasicTypeRegistry     : Adding type registration big_decimal -> org.hibernate.type.BigDecimalType@1db1943b
2021-06-26 15:46:23.735 DEBUG 17076 --- [restartedMain] org.hibernate.type.BasicTypeRegistry     : Adding type registration java.math.BigDecimal -> org.hibernate.type.BigDecimalType@1db1943b
2021-06-26 15:46:23.737 DEBUG 17076 --- [restartedMain] org.hibernate.type.BasicTypeRegistry     : Adding type registration big_integer -> org.hibernate.type.BigIntegerType@3db4211d
2021-06-26 15:46:23.737 DEBUG 17076 --- [restartedMain] org.hibernate.type.BasicTypeRegistry     : Adding type registration java.math.BigInteger -> org.hibernate.type.BigIntegerType@3db4211d
2021-06-26 15:46:23.739 DEBUG 17076 --- [restartedMain] org.hibernate.type.BasicTypeRegistry     : Adding type registration string -> org.hibernate.type.StringType@78bda2ca
2021-06-26 15:46:23.739 DEBUG 17076 --- [restartedMain] org.hibernate.type.BasicTypeRegistry     : Adding type registration java.lang.String -> org.hibernate.type.StringType@78bda2ca
2021-06-26 15:46:23.740 DEBUG 17076 --- [restartedMain] org.hibernate.type.BasicTypeRegistry     : Adding type registration nstring -> org.hibernate.type.StringNVarcharType@156dcaae
2021-06-26 15:46:23.741 DEBUG 17076 --- [restartedMain] org.hibernate.type.BasicTypeRegistry     : Adding type registration ncharacter -> org.hibernate.type.CharacterNCharType@54601c96
2021-06-26 15:46:23.745 DEBUG 17076 --- [restartedMain] org.hibernate.type.BasicTypeRegistry     : Adding type registration url -> org.hibernate.type.UrlType@7f808ba5
2021-06-26 15:46:23.745 DEBUG 17076 --- [restartedMain] org.hibernate.type.BasicTypeRegistry     : Adding type registration java.net.URL -> org.hibernate.type.UrlType@7f808ba5
2021-06-26 15:46:23.746 DEBUG 17076 --- [restartedMain] org.hibernate.type.BasicTypeRegistry     : Adding type registration Duration -> org.hibernate.type.DurationType@7b735a51
2021-06-26 15:46:23.747 DEBUG 17076 --- [restartedMain] org.hibernate.type.BasicTypeRegistry     : Adding type registration java.time.Duration -> org.hibernate.type.DurationType@7b735a51
2021-06-26 15:46:23.748 DEBUG 17076 --- [restartedMain] org.hibernate.type.BasicTypeRegistry     : Adding type registration Instant -> org.hibernate.type.InstantType@2c62e561
2021-06-26 15:46:23.748 DEBUG 17076 --- [restartedMain] org.hibernate.type.BasicTypeRegistry     : Adding type registration java.time.Instant -> org.hibernate.type.InstantType@2c62e561
2021-06-26 15:46:23.750 DEBUG 17076 --- [restartedMain] org.hibernate.type.BasicTypeRegistry     : Adding type registration LocalDateTime -> org.hibernate.type.LocalDateTimeType@7b2ce841
2021-06-26 15:46:23.751 DEBUG 17076 --- [restartedMain] org.hibernate.type.BasicTypeRegistry     : Adding type registration java.time.LocalDateTime -> org.hibernate.type.LocalDateTimeType@7b2ce841
2021-06-26 15:46:23.753 DEBUG 17076 --- [restartedMain] org.hibernate.type.BasicTypeRegistry     : Adding type registration LocalDate -> org.hibernate.type.LocalDateType@722d4e82
2021-06-26 15:46:23.753 DEBUG 17076 --- [restartedMain] org.hibernate.type.BasicTypeRegistry     : Adding type registration java.time.LocalDate -> org.hibernate.type.LocalDateType@722d4e82
2021-06-26 15:46:23.754 DEBUG 17076 --- [restartedMain] org.hibernate.type.BasicTypeRegistry     : Adding type registration LocalTime -> org.hibernate.type.LocalTimeType@5c79e7cd
2021-06-26 15:46:23.755 DEBUG 17076 --- [restartedMain] org.hibernate.type.BasicTypeRegistry     : Adding type registration java.time.LocalTime -> org.hibernate.type.LocalTimeType@5c79e7cd
2021-06-26 15:46:23.756 DEBUG 17076 --- [restartedMain] org.hibernate.type.BasicTypeRegistry     : Adding type registration OffsetDateTime -> org.hibernate.type.OffsetDateTimeType@29a44d35
2021-06-26 15:46:23.756 DEBUG 17076 --- [restartedMain] org.hibernate.type.BasicTypeRegistry     : Adding type registration java.time.OffsetDateTime -> org.hibernate.type.OffsetDateTimeType@29a44d35
2021-06-26 15:46:23.758 DEBUG 17076 --- [restartedMain] org.hibernate.type.BasicTypeRegistry     : Adding type registration OffsetTime -> org.hibernate.type.OffsetTimeType@5e2fe023
2021-06-26 15:46:23.759 DEBUG 17076 --- [restartedMain] org.hibernate.type.BasicTypeRegistry     : Adding type registration java.time.OffsetTime -> org.hibernate.type.OffsetTimeType@5e2fe023
2021-06-26 15:46:23.762 DEBUG 17076 --- [restartedMain] org.hibernate.type.BasicTypeRegistry     : Adding type registration ZonedDateTime -> org.hibernate.type.ZonedDateTimeType@2f3ea7b4
2021-06-26 15:46:23.762 DEBUG 17076 --- [restartedMain] org.hibernate.type.BasicTypeRegistry     : Adding type registration java.time.ZonedDateTime -> org.hibernate.type.ZonedDateTimeType@2f3ea7b4
2021-06-26 15:46:23.784 DEBUG 17076 --- [restartedMain] org.hibernate.type.BasicTypeRegistry     : Adding type registration date -> org.hibernate.type.DateType@7f987b43
2021-06-26 15:46:23.784 DEBUG 17076 --- [restartedMain] org.hibernate.type.BasicTypeRegistry     : Adding type registration java.sql.Date -> org.hibernate.type.DateType@7f987b43
2021-06-26 15:46:23.787 DEBUG 17076 --- [restartedMain] org.hibernate.type.BasicTypeRegistry     : Adding type registration time -> org.hibernate.type.TimeType@63e62a24
2021-06-26 15:46:23.787 DEBUG 17076 --- [restartedMain] org.hibernate.type.BasicTypeRegistry     : Adding type registration java.sql.Time -> org.hibernate.type.TimeType@63e62a24
2021-06-26 15:46:23.789 DEBUG 17076 --- [restartedMain] org.hibernate.type.BasicTypeRegistry     : Adding type registration timestamp -> org.hibernate.type.TimestampType@68de9c39
2021-06-26 15:46:23.790 DEBUG 17076 --- [restartedMain] org.hibernate.type.BasicTypeRegistry     : Adding type registration java.sql.Timestamp -> org.hibernate.type.TimestampType@68de9c39
2021-06-26 15:46:23.790 DEBUG 17076 --- [restartedMain] org.hibernate.type.BasicTypeRegistry     : Adding type registration java.util.Date -> org.hibernate.type.TimestampType@68de9c39
2021-06-26 15:46:23.792 DEBUG 17076 --- [restartedMain] org.hibernate.type.BasicTypeRegistry     : Adding type registration dbtimestamp -> org.hibernate.type.DbTimestampType@4ad3b7d6
2021-06-26 15:46:23.795 DEBUG 17076 --- [restartedMain] org.hibernate.type.BasicTypeRegistry     : Adding type registration calendar -> org.hibernate.type.CalendarType@4c15fd56
2021-06-26 15:46:23.795 DEBUG 17076 --- [restartedMain] org.hibernate.type.BasicTypeRegistry     : Adding type registration java.util.Calendar -> org.hibernate.type.CalendarType@4c15fd56
2021-06-26 15:46:23.795 DEBUG 17076 --- [restartedMain] org.hibernate.type.BasicTypeRegistry     : Adding type registration java.util.GregorianCalendar -> org.hibernate.type.CalendarType@4c15fd56
2021-06-26 15:46:23.796 DEBUG 17076 --- [restartedMain] org.hibernate.type.BasicTypeRegistry     : Adding type registration calendar_date -> org.hibernate.type.CalendarDateType@7db904fd
2021-06-26 15:46:23.798 DEBUG 17076 --- [restartedMain] org.hibernate.type.BasicTypeRegistry     : Adding type registration calendar_time -> org.hibernate.type.CalendarTimeType@cb1d4ff
2021-06-26 15:46:23.799 DEBUG 17076 --- [restartedMain] org.hibernate.type.BasicTypeRegistry     : Adding type registration locale -> org.hibernate.type.LocaleType@24c00b22
2021-06-26 15:46:23.800 DEBUG 17076 --- [restartedMain] org.hibernate.type.BasicTypeRegistry     : Adding type registration java.util.Locale -> org.hibernate.type.LocaleType@24c00b22
2021-06-26 15:46:23.805 DEBUG 17076 --- [restartedMain] org.hibernate.type.BasicTypeRegistry     : Adding type registration currency -> org.hibernate.type.CurrencyType@7b43526d
2021-06-26 15:46:23.805 DEBUG 17076 --- [restartedMain] org.hibernate.type.BasicTypeRegistry     : Adding type registration java.util.Currency -> org.hibernate.type.CurrencyType@7b43526d
2021-06-26 15:46:23.806 DEBUG 17076 --- [restartedMain] org.hibernate.type.BasicTypeRegistry     : Adding type registration timezone -> org.hibernate.type.TimeZoneType@746cc385
2021-06-26 15:46:23.806 DEBUG 17076 --- [restartedMain] org.hibernate.type.BasicTypeRegistry     : Adding type registration java.util.TimeZone -> org.hibernate.type.TimeZoneType@746cc385
2021-06-26 15:46:23.807 DEBUG 17076 --- [restartedMain] org.hibernate.type.BasicTypeRegistry     : Adding type registration class -> org.hibernate.type.ClassType@42d9b215
2021-06-26 15:46:23.808 DEBUG 17076 --- [restartedMain] org.hibernate.type.BasicTypeRegistry     : Adding type registration java.lang.Class -> org.hibernate.type.ClassType@42d9b215
2021-06-26 15:46:23.809 DEBUG 17076 --- [restartedMain] org.hibernate.type.BasicTypeRegistry     : Adding type registration uuid-binary -> org.hibernate.type.UUIDBinaryType@73280b80
2021-06-26 15:46:23.809 DEBUG 17076 --- [restartedMain] org.hibernate.type.BasicTypeRegistry     : Adding type registration java.util.UUID -> org.hibernate.type.UUIDBinaryType@73280b80
2021-06-26 15:46:23.811 DEBUG 17076 --- [restartedMain] org.hibernate.type.BasicTypeRegistry     : Adding type registration uuid-char -> org.hibernate.type.UUIDCharType@383ca485
2021-06-26 15:46:23.813 DEBUG 17076 --- [restartedMain] org.hibernate.type.BasicTypeRegistry     : Adding type registration binary -> org.hibernate.type.BinaryType@68297cf7
2021-06-26 15:46:23.813 DEBUG 17076 --- [restartedMain] org.hibernate.type.BasicTypeRegistry     : Adding type registration byte[] -> org.hibernate.type.BinaryType@68297cf7
2021-06-26 15:46:23.813 DEBUG 17076 --- [restartedMain] org.hibernate.type.BasicTypeRegistry     : Adding type registration [B -> org.hibernate.type.BinaryType@68297cf7
2021-06-26 15:46:23.814 DEBUG 17076 --- [restartedMain] org.hibernate.type.BasicTypeRegistry     : Adding type registration wrapper-binary -> org.hibernate.type.WrapperBinaryType@61929f73
2021-06-26 15:46:23.815 DEBUG 17076 --- [restartedMain] org.hibernate.type.BasicTypeRegistry     : Adding type registration Byte[] -> org.hibernate.type.WrapperBinaryType@61929f73
2021-06-26 15:46:23.815 DEBUG 17076 --- [restartedMain] org.hibernate.type.BasicTypeRegistry     : Adding type registration [Ljava.lang.Byte; -> org.hibernate.type.WrapperBinaryType@61929f73
2021-06-26 15:46:23.817 DEBUG 17076 --- [restartedMain] org.hibernate.type.BasicTypeRegistry     : Adding type registration row_version -> org.hibernate.type.RowVersionType@dbfc776
2021-06-26 15:46:23.818 DEBUG 17076 --- [restartedMain] org.hibernate.type.BasicTypeRegistry     : Adding type registration image -> org.hibernate.type.ImageType@72c360e1
2021-06-26 15:46:23.819 DEBUG 17076 --- [restartedMain] org.hibernate.type.BasicTypeRegistry     : Adding type registration characters -> org.hibernate.type.CharArrayType@257cfec0
2021-06-26 15:46:23.820 DEBUG 17076 --- [restartedMain] org.hibernate.type.BasicTypeRegistry     : Adding type registration char[] -> org.hibernate.type.CharArrayType@257cfec0
2021-06-26 15:46:23.820 DEBUG 17076 --- [restartedMain] org.hibernate.type.BasicTypeRegistry     : Adding type registration [C -> org.hibernate.type.CharArrayType@257cfec0
2021-06-26 15:46:23.821 DEBUG 17076 --- [restartedMain] org.hibernate.type.BasicTypeRegistry     : Adding type registration wrapper-characters -> org.hibernate.type.CharacterArrayType@70e78286
2021-06-26 15:46:23.821 DEBUG 17076 --- [restartedMain] org.hibernate.type.BasicTypeRegistry     : Adding type registration [Ljava.lang.Character; -> org.hibernate.type.CharacterArrayType@70e78286
2021-06-26 15:46:23.821 DEBUG 17076 --- [restartedMain] org.hibernate.type.BasicTypeRegistry     : Adding type registration Character[] -> org.hibernate.type.CharacterArrayType@70e78286
2021-06-26 15:46:23.822 DEBUG 17076 --- [restartedMain] org.hibernate.type.BasicTypeRegistry     : Adding type registration text -> org.hibernate.type.TextType@1f204f55
2021-06-26 15:46:23.823 DEBUG 17076 --- [restartedMain] org.hibernate.type.BasicTypeRegistry     : Adding type registration ntext -> org.hibernate.type.NTextType@1abfbcf8
2021-06-26 15:46:23.824 DEBUG 17076 --- [restartedMain] org.hibernate.type.BasicTypeRegistry     : Adding type registration blob -> org.hibernate.type.BlobType@4db8359a
2021-06-26 15:46:23.824 DEBUG 17076 --- [restartedMain] org.hibernate.type.BasicTypeRegistry     : Adding type registration java.sql.Blob -> org.hibernate.type.BlobType@4db8359a
2021-06-26 15:46:23.825 DEBUG 17076 --- [restartedMain] org.hibernate.type.BasicTypeRegistry     : Adding type registration materialized_blob -> org.hibernate.type.MaterializedBlobType@133545a4
2021-06-26 15:46:23.848 DEBUG 17076 --- [restartedMain] org.hibernate.type.BasicTypeRegistry     : Adding type registration clob -> org.hibernate.type.ClobType@1d9c9356
2021-06-26 15:46:23.849 DEBUG 17076 --- [restartedMain] org.hibernate.type.BasicTypeRegistry     : Adding type registration java.sql.Clob -> org.hibernate.type.ClobType@1d9c9356
2021-06-26 15:46:23.851 DEBUG 17076 --- [restartedMain] org.hibernate.type.BasicTypeRegistry     : Adding type registration nclob -> org.hibernate.type.NClobType@67e70fcf
2021-06-26 15:46:23.851 DEBUG 17076 --- [restartedMain] org.hibernate.type.BasicTypeRegistry     : Adding type registration java.sql.NClob -> org.hibernate.type.NClobType@67e70fcf
2021-06-26 15:46:23.852 DEBUG 17076 --- [restartedMain] org.hibernate.type.BasicTypeRegistry     : Adding type registration materialized_clob -> org.hibernate.type.MaterializedClobType@6280f45c
2021-06-26 15:46:23.853 DEBUG 17076 --- [restartedMain] org.hibernate.type.BasicTypeRegistry     : Adding type registration materialized_nclob -> org.hibernate.type.MaterializedNClobType@691f49d3
2021-06-26 15:46:23.856 DEBUG 17076 --- [restartedMain] org.hibernate.type.BasicTypeRegistry     : Adding type registration serializable -> org.hibernate.type.SerializableType@37dcd438
2021-06-26 15:46:23.865 DEBUG 17076 --- [restartedMain] org.hibernate.type.BasicTypeRegistry     : Adding type registration object -> org.hibernate.type.ObjectType@450a8cff
2021-06-26 15:46:23.865 DEBUG 17076 --- [restartedMain] org.hibernate.type.BasicTypeRegistry     : Adding type registration java.lang.Object -> org.hibernate.type.ObjectType@450a8cff
2021-06-26 15:46:23.866 DEBUG 17076 --- [restartedMain] org.hibernate.type.BasicTypeRegistry     : Adding type registration imm_date -> org.hibernate.type.AdaptedImmutableType@1515fcd6
2021-06-26 15:46:23.866 DEBUG 17076 --- [restartedMain] org.hibernate.type.BasicTypeRegistry     : Adding type registration imm_time -> org.hibernate.type.AdaptedImmutableType@4e9e7ff
2021-06-26 15:46:23.866 DEBUG 17076 --- [restartedMain] org.hibernate.type.BasicTypeRegistry     : Adding type registration imm_timestamp -> org.hibernate.type.AdaptedImmutableType@2ac50c72
2021-06-26 15:46:23.867 DEBUG 17076 --- [restartedMain] org.hibernate.type.BasicTypeRegistry     : Adding type registration imm_dbtimestamp -> org.hibernate.type.AdaptedImmutableType@446961fc
2021-06-26 15:46:23.867 DEBUG 17076 --- [restartedMain] org.hibernate.type.BasicTypeRegistry     : Adding type registration imm_calendar -> org.hibernate.type.AdaptedImmutableType@7e20d6eb
2021-06-26 15:46:23.867 DEBUG 17076 --- [restartedMain] org.hibernate.type.BasicTypeRegistry     : Adding type registration imm_calendar_date -> org.hibernate.type.AdaptedImmutableType@353d00cf
2021-06-26 15:46:23.867 DEBUG 17076 --- [restartedMain] org.hibernate.type.BasicTypeRegistry     : Adding type registration imm_binary -> org.hibernate.type.AdaptedImmutableType@37193c86
2021-06-26 15:46:23.867 DEBUG 17076 --- [restartedMain] org.hibernate.type.BasicTypeRegistry     : Adding type registration imm_serializable -> org.hibernate.type.AdaptedImmutableType@3870cd18
2021-06-26 15:46:23.917  INFO 17076 --- [restartedMain] com.zaxxer.hikari.HikariDataSource       : HikariPool-1 - Starting...
2021-06-26 15:46:25.080  INFO 17076 --- [restartedMain] com.zaxxer.hikari.HikariDataSource       : HikariPool-1 - Start completed.
2021-06-26 15:46:25.183  INFO 17076 --- [restartedMain] org.hibernate.dialect.Dialect            : HHH000400: Using dialect: org.hibernate.dialect.MySQL8Dialect
2021-06-26 15:46:25.443 DEBUG 17076 --- [restartedMain] o.h.type.spi.TypeConfiguration$Scope     : Scoping TypeConfiguration [org.hibernate.type.spi.TypeConfiguration@29f8e036] to MetadataBuildingContext [org.hibernate.boot.internal.MetadataBuildingContextRootImpl@5903d954]
2021-06-26 15:46:26.616 DEBUG 17076 --- [restartedMain] o.h.type.spi.TypeConfiguration$Scope     : Scoping TypeConfiguration [org.hibernate.type.spi.TypeConfiguration@29f8e036] to SessionFactoryImpl [org.hibernate.internal.SessionFactoryImpl@867257]
2021-06-26 15:46:31.495  INFO 17076 --- [restartedMain] o.h.e.t.j.p.i.JtaPlatformInitiator       : HHH000490: Using JtaPlatform implementation: [org.hibernate.engine.transaction.jta.platform.internal.NoJtaPlatform]
2021-06-26 15:46:31.525 TRACE 17076 --- [restartedMain] o.h.type.spi.TypeConfiguration$Scope     : Handling #sessionFactoryCreated from [org.hibernate.internal.SessionFactoryImpl@867257] for TypeConfiguration
2021-06-26 15:46:31.528  INFO 17076 --- [restartedMain] j.LocalContainerEntityManagerFactoryBean : Initialized JPA EntityManagerFactory for persistence unit 'default'
2021-06-26 15:46:32.789  WARN 17076 --- [restartedMain] JpaBaseConfiguration$JpaWebConfiguration : spring.jpa.open-in-view is enabled by default. Therefore, database queries may be performed during view rendering. Explicitly configure spring.jpa.open-in-view to disable this warning
2021-06-26 15:46:34.616  INFO 17076 --- [restartedMain] o.s.b.d.a.OptionalLiveReloadServer       : LiveReload server is running on port 35729
2021-06-26 15:46:34.781  INFO 17076 --- [restartedMain] o.s.b.w.embedded.tomcat.TomcatWebServer  : Tomcat started on port(s): 7777 (http) with context path ''
2021-06-26 15:46:34.801  INFO 17076 --- [restartedMain] com.maternalhealth.Application           : Started Application in 18.571 seconds (JVM running for 20.253)
2021-06-26 15:46:34.803  INFO 17076 --- [restartedMain] o.s.b.a.ApplicationAvailabilityBean      : Application availability state LivenessState changed to CORRECT
2021-06-26 15:46:34.805  INFO 17076 --- [restartedMain] o.s.b.a.ApplicationAvailabilityBean      : Application availability state ReadinessState changed to ACCEPTING_TRAFFIC
2021-06-26 15:49:20.375  INFO 17076 --- [http-nio-7777-exec-1] o.a.c.c.C.[Tomcat].[localhost].[/]       : Initializing Spring DispatcherServlet 'dispatcherServlet'
2021-06-26 15:49:20.375  INFO 17076 --- [http-nio-7777-exec-1] o.s.web.servlet.DispatcherServlet        : Initializing Servlet 'dispatcherServlet'
2021-06-26 15:49:20.376  INFO 17076 --- [http-nio-7777-exec-1] o.s.web.servlet.DispatcherServlet        : Completed initialization in 1 ms
2021-06-26 15:49:20.594  INFO 17076 --- [http-nio-7777-exec-1] c.maternalhealth.controller.Controller   : User added User(userId=0, userName=Anu, email=dubey@gmail.com, password=AnuShaluDubey, state=Bihar, country=India, pincode=10089)
2021-06-26 15:49:21.114 TRACE 17076 --- [http-nio-7777-exec-1] o.h.type.descriptor.sql.BasicBinder      : binding parameter [1] as [VARCHAR] - [India]
2021-06-26 15:49:21.115 TRACE 17076 --- [http-nio-7777-exec-1] o.h.type.descriptor.sql.BasicBinder      : binding parameter [2] as [VARCHAR] - [dubey@gmail.com]
2021-06-26 15:49:21.116 TRACE 17076 --- [http-nio-7777-exec-1] o.h.type.descriptor.sql.BasicBinder      : binding parameter [3] as [VARCHAR] - [AnuShaluDubey]
2021-06-26 15:49:21.119 TRACE 17076 --- [http-nio-7777-exec-1] o.h.type.descriptor.sql.BasicBinder      : binding parameter [4] as [INTEGER] - [10089]
2021-06-26 15:49:21.120 TRACE 17076 --- [http-nio-7777-exec-1] o.h.type.descriptor.sql.BasicBinder      : binding parameter [5] as [VARCHAR] - [Bihar]
2021-06-26 15:49:21.120 TRACE 17076 --- [http-nio-7777-exec-1] o.h.type.descriptor.sql.BasicBinder      : binding parameter [6] as [VARCHAR] - [Anu]
2021-06-26 15:49:21.121 TRACE 17076 --- [http-nio-7777-exec-1] o.h.type.descriptor.sql.BasicBinder      : binding parameter [7] as [INTEGER] - [1]
2021-06-26 15:53:18.378  INFO 17076 --- [Thread-8] o.s.b.a.ApplicationAvailabilityBean      : Application availability state ReadinessState changed from ACCEPTING_TRAFFIC to REFUSING_TRAFFIC
2021-06-26 15:53:19.475  INFO 17076 --- [Thread-8] j.LocalContainerEntityManagerFactoryBean : Closing JPA EntityManagerFactory for persistence unit 'default'
2021-06-26 15:53:19.475 TRACE 17076 --- [Thread-8] o.h.type.spi.TypeConfiguration$Scope     : Handling #sessionFactoryClosed from [org.hibernate.internal.SessionFactoryImpl@867257] for TypeConfiguration
2021-06-26 15:53:19.476 DEBUG 17076 --- [Thread-8] o.h.type.spi.TypeConfiguration$Scope     : Un-scoping TypeConfiguration [org.hibernate.type.spi.TypeConfiguration$Scope@3a403465] from SessionFactory [org.hibernate.internal.SessionFactoryImpl@867257]
2021-06-26 15:53:19.506  INFO 17076 --- [Thread-8] com.zaxxer.hikari.HikariDataSource       : HikariPool-1 - Shutdown initiated...
2021-06-26 15:53:19.524  INFO 17076 --- [Thread-8] com.zaxxer.hikari.HikariDataSource       : HikariPool-1 - Shutdown completed.
